<?xml version="1.0" encoding="UTF-8"?>
<!-- Generated by org.testng.reporters.JUnitReportReporter -->
<testsuite hostname="DESKTOP-G6OMV75" failures="0" tests="1" name="test.Day1" time="0.005" errors="0" timestamp="2024-06-21T13:57:18 IST" skipped="0">
  <testcase classname="test.Day1" name="carLoan" time="0.005"/>
</testsuite> <!-- test.Day1 -->
