<?xml version="1.0" encoding="UTF-8"?>
<!-- Generated by org.testng.reporters.JUnitReportReporter -->
<testsuite hostname="DESKTOP-G6OMV75" failures="0" tests="1" name="test.Day2" time="0.016" errors="0" timestamp="2024-06-21T13:57:18 IST" skipped="0">
  <testcase classname="test.Day2" name="carLoan" time="0.016"/>
</testsuite> <!-- test.Day2 -->
